This file contains any messages produced by compilers while
running configure, to aid debugging if configure makes a mistake.

It was created by Google C++ Testing Framework configure 1.6.0, which was
generated by GNU Autoconf 2.68.  Invocation command line was

  $ ./configure 

## --------- ##
## Platform. ##
## --------- ##

hostname = jcnsopc73.jcns.frm2
uname -m = x86_64
uname -r = 11.3.0
uname -s = Darwin
uname -v = Darwin Kernel Version 11.3.0: Thu Jan 12 18:47:41 PST 2012; root:xnu-1699.24.23~1/RELEASE_X86_64

/usr/bin/uname -p = i386
/bin/uname -X     = unknown

/bin/arch              = unknown
/usr/bin/arch -k       = unknown
/usr/convex/getsysinfo = unknown
/usr/bin/hostinfo      = Mach kernel version:
	 Darwin Kernel Version 11.3.0: Thu Jan 12 18:47:41 PST 2012; root:xnu-1699.24.23~1/RELEASE_X86_64
Kernel configured for up to 4 processors.
2 processors are physically available.
4 processors are logically available.
Processor type: i486 (Intel 80486)
Processors active: 0 1 2 3
Primary memory available: 8.00 gigabytes
Default processor set: 88 tasks, 476 threads, 4 processors
Load average: 0.94, Mach factor: 3.05
/bin/machine           = unknown
/usr/bin/oslevel       = unknown
/bin/universe          = unknown

PATH: /opt/local/bin
PATH: /opt/local/sbin
PATH: /opt/local/bin
PATH: /usr/bin
PATH: /bin
PATH: /usr/sbin
PATH: /sbin
PATH: /usr/local/bin
PATH: /usr/X11/bin
PATH: /usr/texbin


## ----------- ##
## Core tests. ##
## ----------- ##

configure:2426: checking for a BSD-compatible install
configure:2494: result: /usr/bin/install -c
configure:2505: checking whether build environment is sane
configure:2555: result: yes
configure:2696: checking for a thread-safe mkdir -p
configure:2735: result: build-aux/install-sh -c -d
configure:2748: checking for gawk
configure:2764: found /opt/local/bin/gawk
configure:2775: result: gawk
configure:2786: checking whether make sets $(MAKE)
configure:2808: result: yes
configure:2938: checking for gcc
configure:2954: found /usr/bin/gcc
configure:2965: result: gcc
configure:3194: checking for C compiler version
configure:3203: gcc --version >&5
i686-apple-darwin11-llvm-gcc-4.2 (GCC) 4.2.1 (Based on Apple Inc. build 5658) (LLVM build 2336.1.00)
Copyright (C) 2007 Free Software Foundation, Inc.
This is free software; see the source for copying conditions.  There is NO
warranty; not even for MERCHANTABILITY or FITNESS FOR A PARTICULAR PURPOSE.

configure:3214: $? = 0
configure:3203: gcc -v >&5
Using built-in specs.
Target: i686-apple-darwin11
Configured with: /private/var/tmp/llvmgcc42/llvmgcc42-2336.1~22/src/configure --disable-checking --enable-werror --prefix=/Developer/usr/llvm-gcc-4.2 --mandir=/share/man --enable-languages=c,objc,c++,obj-c++ --program-prefix=llvm- --program-transform-name=/^[cg][^.-]*$/s/$/-4.2/ --with-slibdir=/usr/lib --build=i686-apple-darwin11 --enable-llvm=/private/var/tmp/llvmgcc42/llvmgcc42-2336.1~22/dst-llvmCore/Developer/usr/local --program-prefix=i686-apple-darwin11- --host=x86_64-apple-darwin11 --target=i686-apple-darwin11 --with-gxx-include-dir=/usr/include/c++/4.2.1
Thread model: posix
gcc version 4.2.1 (Based on Apple Inc. build 5658) (LLVM build 2336.1.00)
configure:3214: $? = 0
configure:3203: gcc -V >&5
llvm-gcc-4.2: argument to `-V' is missing
configure:3214: $? = 1
configure:3203: gcc -qversion >&5
i686-apple-darwin11-llvm-gcc-4.2: no input files
configure:3214: $? = 1
configure:3234: checking whether the C compiler works
configure:3256: gcc    conftest.c  >&5
configure:3260: $? = 0
configure:3308: result: yes
configure:3311: checking for C compiler default output file name
configure:3313: result: a.out
configure:3319: checking for suffix of executables
configure:3326: gcc -o conftest    conftest.c  >&5
configure:3330: $? = 0
configure:3352: result: 
configure:3374: checking whether we are cross compiling
configure:3382: gcc -o conftest    conftest.c  >&5
configure:3386: $? = 0
configure:3393: ./conftest
configure:3397: $? = 0
configure:3412: result: no
configure:3417: checking for suffix of object files
configure:3439: gcc -c   conftest.c >&5
configure:3443: $? = 0
configure:3464: result: o
configure:3468: checking whether we are using the GNU C compiler
configure:3487: gcc -c   conftest.c >&5
configure:3487: $? = 0
configure:3496: result: yes
configure:3505: checking whether gcc accepts -g
configure:3525: gcc -c -g  conftest.c >&5
configure:3525: $? = 0
configure:3566: result: yes
configure:3583: checking for gcc option to accept ISO C89
configure:3647: gcc  -c -g -O2  conftest.c >&5
configure:3647: $? = 0
configure:3660: result: none needed
configure:3691: checking for style of include used by make
configure:3719: result: GNU
configure:3744: checking dependency style of gcc
configure:3854: result: gcc3
configure:3927: checking for g++
configure:3943: found /usr/bin/g++
configure:3954: result: g++
configure:3981: checking for C++ compiler version
configure:3990: g++ --version >&5
i686-apple-darwin11-llvm-g++-4.2 (GCC) 4.2.1 (Based on Apple Inc. build 5658) (LLVM build 2336.1.00)
Copyright (C) 2007 Free Software Foundation, Inc.
This is free software; see the source for copying conditions.  There is NO
warranty; not even for MERCHANTABILITY or FITNESS FOR A PARTICULAR PURPOSE.

configure:4001: $? = 0
configure:3990: g++ -v >&5
Using built-in specs.
Target: i686-apple-darwin11
Configured with: /private/var/tmp/llvmgcc42/llvmgcc42-2336.1~22/src/configure --disable-checking --enable-werror --prefix=/Developer/usr/llvm-gcc-4.2 --mandir=/share/man --enable-languages=c,objc,c++,obj-c++ --program-prefix=llvm- --program-transform-name=/^[cg][^.-]*$/s/$/-4.2/ --with-slibdir=/usr/lib --build=i686-apple-darwin11 --enable-llvm=/private/var/tmp/llvmgcc42/llvmgcc42-2336.1~22/dst-llvmCore/Developer/usr/local --program-prefix=i686-apple-darwin11- --host=x86_64-apple-darwin11 --target=i686-apple-darwin11 --with-gxx-include-dir=/usr/include/c++/4.2.1
Thread model: posix
gcc version 4.2.1 (Based on Apple Inc. build 5658) (LLVM build 2336.1.00)
configure:4001: $? = 0
configure:3990: g++ -V >&5
llvm-g++-4.2: argument to `-V' is missing
configure:4001: $? = 1
configure:3990: g++ -qversion >&5
i686-apple-darwin11-llvm-g++-4.2: no input files
configure:4001: $? = 1
configure:4005: checking whether we are using the GNU C++ compiler
configure:4024: g++ -c   conftest.cpp >&5
configure:4024: $? = 0
configure:4033: result: yes
configure:4042: checking whether g++ accepts -g
configure:4062: g++ -c -g  conftest.cpp >&5
configure:4062: $? = 0
configure:4103: result: yes
configure:4128: checking dependency style of g++
configure:4238: result: gcc3
configure:4288: checking build system type
configure:4302: result: i386-apple-darwin11.3.0
configure:4322: checking host system type
configure:4335: result: i386-apple-darwin11.3.0
configure:4355: checking for a sed that does not truncate output
configure:4419: result: /opt/local/bin/gsed
configure:4437: checking for grep that handles long lines and -e
configure:4495: result: /usr/bin/grep
configure:4500: checking for egrep
configure:4562: result: /usr/bin/grep -E
configure:4567: checking for fgrep
configure:4629: result: /usr/bin/grep -F
configure:4664: checking for ld used by gcc
configure:4731: result: /usr/llvm-gcc-4.2/libexec/gcc/i686-apple-darwin11/4.2.1/ld
configure:4738: checking if the linker (/usr/llvm-gcc-4.2/libexec/gcc/i686-apple-darwin11/4.2.1/ld) is GNU ld
configure:4753: result: no
configure:4765: checking for BSD- or MS-compatible name lister (nm)
configure:4814: result: /usr/bin/nm
configure:4932: checking the name lister (/usr/bin/nm) interface
configure:4939: g++ -c -g -O2  conftest.cpp >&5
configure:4942: /usr/bin/nm "conftest.o"
configure:4945: output
00000000000001d8 S _some_variable
configure:4952: result: BSD nm
configure:4955: checking whether ln -s works
configure:4959: result: yes
configure:4967: checking the maximum length of command line arguments
configure:5087: result: 196608
configure:5104: checking whether the shell understands some XSI constructs
configure:5114: result: yes
configure:5118: checking whether the shell understands "+="
configure:5124: result: yes
configure:5159: checking for /usr/llvm-gcc-4.2/libexec/gcc/i686-apple-darwin11/4.2.1/ld option to reload object files
configure:5166: result: -r
configure:5235: checking for objdump
configure:5265: result: no
configure:5294: checking how to recognize dependent libraries
configure:5490: result: pass_all
configure:5550: checking for ar
configure:5566: found /usr/bin/ar
configure:5577: result: ar
configure:5655: checking for strip
configure:5671: found /usr/bin/strip
configure:5682: result: strip
configure:5754: checking for ranlib
configure:5770: found /usr/bin/ranlib
configure:5781: result: ranlib
configure:5871: checking command to parse /usr/bin/nm output from gcc object
configure:5989: g++ -c -g -O2  conftest.cpp >&5
configure:5992: $? = 0
configure:5996: /usr/bin/nm conftest.o \| sed -n -e 's/^.*[	 ]\([BCDEGRST][BCDEGRST]*\)[	 ][	 ]*\([_A-Za-z][_A-Za-z0-9]*\)$/\1 \2 \2/p' \> conftest.nm
configure:5999: $? = 0
cannot find nm_test_var in conftest.nm
configure:5989: g++ -c -g -O2  conftest.cpp >&5
configure:5992: $? = 0
configure:5996: /usr/bin/nm conftest.o \| sed -n -e 's/^.*[	 ]\([BCDEGRST][BCDEGRST]*\)[	 ][	 ]*_\([_A-Za-z][_A-Za-z0-9]*\)$/\1 _\2 \2/p' \> conftest.nm
configure:5999: $? = 0
configure:6053: g++ -o conftest -g -O2   conftest.cpp conftstm.o >&5
configure:6056: $? = 0
configure:6094: result: ok
configure:6359: checking for dsymutil
configure:6375: found /usr/bin/dsymutil
configure:6386: result: dsymutil
configure:6451: checking for nmedit
configure:6467: found /usr/bin/nmedit
configure:6478: result: nmedit
configure:6543: checking for lipo
configure:6559: found /usr/bin/lipo
configure:6570: result: lipo
configure:6635: checking for otool
configure:6651: found /usr/bin/otool
configure:6662: result: otool
configure:6727: checking for otool64
configure:6757: result: no
configure:6802: checking for -single_module linker flag
gcc -g -O2  -o libconftest.dylib -dynamiclib -Wl,-single_module conftest.c
configure:6829: result: yes
configure:6831: checking for -exported_symbols_list linker flag
configure:6851: g++ -o conftest -g -O2   -Wl,-exported_symbols_list,conftest.sym conftest.cpp  >&5
configure:6851: $? = 0
configure:6861: result: yes
configure:6903: checking how to run the C preprocessor
configure:6934: gcc -E  conftest.c
configure:6934: $? = 0
configure:6948: gcc -E  conftest.c
conftest.c:11:28: error: ac_nonexistent.h: No such file or directory
configure:6948: $? = 1
configure: failed program was:
| /* confdefs.h */
| #define PACKAGE_NAME "Google C++ Testing Framework"
| #define PACKAGE_TARNAME "gtest"
| #define PACKAGE_VERSION "1.6.0"
| #define PACKAGE_STRING "Google C++ Testing Framework 1.6.0"
| #define PACKAGE_BUGREPORT "googletestframework@googlegroups.com"
| #define PACKAGE_URL ""
| #define PACKAGE "gtest"
| #define VERSION "1.6.0"
| /* end confdefs.h.  */
| #include <ac_nonexistent.h>
configure:6973: result: gcc -E
configure:6993: gcc -E  conftest.c
configure:6993: $? = 0
configure:7007: gcc -E  conftest.c
conftest.c:11:28: error: ac_nonexistent.h: No such file or directory
configure:7007: $? = 1
configure: failed program was:
| /* confdefs.h */
| #define PACKAGE_NAME "Google C++ Testing Framework"
| #define PACKAGE_TARNAME "gtest"
| #define PACKAGE_VERSION "1.6.0"
| #define PACKAGE_STRING "Google C++ Testing Framework 1.6.0"
| #define PACKAGE_BUGREPORT "googletestframework@googlegroups.com"
| #define PACKAGE_URL ""
| #define PACKAGE "gtest"
| #define VERSION "1.6.0"
| /* end confdefs.h.  */
| #include <ac_nonexistent.h>
configure:7036: checking for ANSI C header files
configure:7056: gcc -c -g -O2  conftest.c >&5
configure:7056: $? = 0
configure:7129: gcc -o conftest -g -O2   conftest.c  >&5
configure:7129: $? = 0
configure:7129: ./conftest
configure:7129: $? = 0
configure:7140: result: yes
configure:7153: checking for sys/types.h
configure:7153: gcc -c -g -O2  conftest.c >&5
configure:7153: $? = 0
configure:7153: result: yes
configure:7153: checking for sys/stat.h
configure:7153: gcc -c -g -O2  conftest.c >&5
configure:7153: $? = 0
configure:7153: result: yes
configure:7153: checking for stdlib.h
configure:7153: gcc -c -g -O2  conftest.c >&5
configure:7153: $? = 0
configure:7153: result: yes
configure:7153: checking for string.h
configure:7153: gcc -c -g -O2  conftest.c >&5
configure:7153: $? = 0
configure:7153: result: yes
configure:7153: checking for memory.h
configure:7153: gcc -c -g -O2  conftest.c >&5
configure:7153: $? = 0
configure:7153: result: yes
configure:7153: checking for strings.h
configure:7153: gcc -c -g -O2  conftest.c >&5
configure:7153: $? = 0
configure:7153: result: yes
configure:7153: checking for inttypes.h
configure:7153: gcc -c -g -O2  conftest.c >&5
configure:7153: $? = 0
configure:7153: result: yes
configure:7153: checking for stdint.h
configure:7153: gcc -c -g -O2  conftest.c >&5
configure:7153: $? = 0
configure:7153: result: yes
configure:7153: checking for unistd.h
configure:7153: gcc -c -g -O2  conftest.c >&5
configure:7153: $? = 0
configure:7153: result: yes
configure:7167: checking for dlfcn.h
configure:7167: gcc -c -g -O2  conftest.c >&5
configure:7167: $? = 0
configure:7167: result: yes
configure:7292: checking for C++ compiler version
configure:7301: g++ --version >&5
i686-apple-darwin11-llvm-g++-4.2 (GCC) 4.2.1 (Based on Apple Inc. build 5658) (LLVM build 2336.1.00)
Copyright (C) 2007 Free Software Foundation, Inc.
This is free software; see the source for copying conditions.  There is NO
warranty; not even for MERCHANTABILITY or FITNESS FOR A PARTICULAR PURPOSE.

configure:7312: $? = 0
configure:7301: g++ -v >&5
Using built-in specs.
Target: i686-apple-darwin11
Configured with: /private/var/tmp/llvmgcc42/llvmgcc42-2336.1~22/src/configure --disable-checking --enable-werror --prefix=/Developer/usr/llvm-gcc-4.2 --mandir=/share/man --enable-languages=c,objc,c++,obj-c++ --program-prefix=llvm- --program-transform-name=/^[cg][^.-]*$/s/$/-4.2/ --with-slibdir=/usr/lib --build=i686-apple-darwin11 --enable-llvm=/private/var/tmp/llvmgcc42/llvmgcc42-2336.1~22/dst-llvmCore/Developer/usr/local --program-prefix=i686-apple-darwin11- --host=x86_64-apple-darwin11 --target=i686-apple-darwin11 --with-gxx-include-dir=/usr/include/c++/4.2.1
Thread model: posix
gcc version 4.2.1 (Based on Apple Inc. build 5658) (LLVM build 2336.1.00)
configure:7312: $? = 0
configure:7301: g++ -V >&5
llvm-g++-4.2: argument to `-V' is missing
configure:7312: $? = 1
configure:7301: g++ -qversion >&5
i686-apple-darwin11-llvm-g++-4.2: no input files
configure:7312: $? = 1
configure:7316: checking whether we are using the GNU C++ compiler
configure:7344: result: yes
configure:7353: checking whether g++ accepts -g
configure:7414: result: yes
configure:7439: checking dependency style of g++
configure:7549: result: gcc3
configure:7572: checking how to run the C++ preprocessor
configure:7599: g++ -E  conftest.cpp
configure:7599: $? = 0
configure:7613: g++ -E  conftest.cpp
conftest.cpp:22:28: error: ac_nonexistent.h: No such file or directory
configure:7613: $? = 1
configure: failed program was:
| /* confdefs.h */
| #define PACKAGE_NAME "Google C++ Testing Framework"
| #define PACKAGE_TARNAME "gtest"
| #define PACKAGE_VERSION "1.6.0"
| #define PACKAGE_STRING "Google C++ Testing Framework 1.6.0"
| #define PACKAGE_BUGREPORT "googletestframework@googlegroups.com"
| #define PACKAGE_URL ""
| #define PACKAGE "gtest"
| #define VERSION "1.6.0"
| #define STDC_HEADERS 1
| #define HAVE_SYS_TYPES_H 1
| #define HAVE_SYS_STAT_H 1
| #define HAVE_STDLIB_H 1
| #define HAVE_STRING_H 1
| #define HAVE_MEMORY_H 1
| #define HAVE_STRINGS_H 1
| #define HAVE_INTTYPES_H 1
| #define HAVE_STDINT_H 1
| #define HAVE_UNISTD_H 1
| #define HAVE_DLFCN_H 1
| /* end confdefs.h.  */
| #include <ac_nonexistent.h>
configure:7638: result: g++ -E
configure:7658: g++ -E  conftest.cpp
configure:7658: $? = 0
configure:7672: g++ -E  conftest.cpp
conftest.cpp:22:28: error: ac_nonexistent.h: No such file or directory
configure:7672: $? = 1
configure: failed program was:
| /* confdefs.h */
| #define PACKAGE_NAME "Google C++ Testing Framework"
| #define PACKAGE_TARNAME "gtest"
| #define PACKAGE_VERSION "1.6.0"
| #define PACKAGE_STRING "Google C++ Testing Framework 1.6.0"
| #define PACKAGE_BUGREPORT "googletestframework@googlegroups.com"
| #define PACKAGE_URL ""
| #define PACKAGE "gtest"
| #define VERSION "1.6.0"
| #define STDC_HEADERS 1
| #define HAVE_SYS_TYPES_H 1
| #define HAVE_SYS_STAT_H 1
| #define HAVE_STDLIB_H 1
| #define HAVE_STRING_H 1
| #define HAVE_MEMORY_H 1
| #define HAVE_STRINGS_H 1
| #define HAVE_INTTYPES_H 1
| #define HAVE_STDINT_H 1
| #define HAVE_UNISTD_H 1
| #define HAVE_DLFCN_H 1
| /* end confdefs.h.  */
| #include <ac_nonexistent.h>
configure:7878: checking for objdir
configure:7893: result: .libs
configure:8189: checking if gcc supports -fno-rtti -fno-exceptions
configure:8207: gcc -c -g -O2  -fno-rtti -fno-exceptions conftest.c >&5
cc1: warning: command line option "-fno-rtti" is valid for C++/ObjC++ but not for C
configure:8211: $? = 0
configure:8224: result: no
configure:8244: checking for gcc option to produce PIC
configure:8516: result: -fno-common -DPIC
configure:8528: checking if gcc PIC flag -fno-common -DPIC works
configure:8546: gcc -c -g -O2  -fno-common -DPIC -DPIC conftest.c >&5
configure:8550: $? = 0
configure:8563: result: yes
configure:8587: checking if gcc static flag -static works
configure:8615: result: no
configure:8630: checking if gcc supports -c -o file.o
configure:8651: gcc -c -g -O2  -o out/conftest2.o conftest.c >&5
configure:8655: $? = 0
configure:8677: result: yes
configure:8685: checking if gcc supports -c -o file.o
configure:8732: result: yes
configure:8765: checking whether the gcc linker (/usr/llvm-gcc-4.2/libexec/gcc/i686-apple-darwin11/4.2.1/ld) supports shared libraries
configure:9756: result: yes
configure:9995: checking dynamic linker characteristics
configure:10658: result: darwin11.3.0 dyld
configure:10760: checking how to hardcode library paths into programs
configure:10785: result: immediate
configure:11305: checking whether stripping libraries is possible
configure:11319: result: yes
configure:11345: checking if libtool supports shared libraries
configure:11347: result: yes
configure:11350: checking whether to build shared libraries
configure:11371: result: yes
configure:11374: checking whether to build static libraries
configure:11378: result: yes
configure:11528: checking for ld used by g++
configure:11595: result: /usr/llvm-gcc-4.2/libexec/gcc/i686-apple-darwin11/4.2.1/ld
configure:11602: checking if the linker (/usr/llvm-gcc-4.2/libexec/gcc/i686-apple-darwin11/4.2.1/ld) is GNU ld
configure:11617: result: no
configure:11672: checking whether the g++ linker (/usr/llvm-gcc-4.2/libexec/gcc/i686-apple-darwin11/4.2.1/ld) supports shared libraries
configure:12585: result: yes
configure:12613: g++ -c -g -O2  conftest.cpp >&5
configure:12616: $? = 0
configure:12798: checking for g++ option to produce PIC
configure:13115: result: -fno-common -DPIC
configure:13124: checking if g++ PIC flag -fno-common -DPIC works
configure:13142: g++ -c -g -O2  -fno-common -DPIC -DPIC conftest.cpp >&5
configure:13146: $? = 0
configure:13159: result: yes
configure:13180: checking if g++ static flag -static works
configure:13208: result: no
configure:13220: checking if g++ supports -c -o file.o
configure:13241: g++ -c -g -O2  -o out/conftest2.o conftest.cpp >&5
configure:13245: $? = 0
configure:13267: result: yes
configure:13272: checking if g++ supports -c -o file.o
configure:13319: result: yes
configure:13349: checking whether the g++ linker (/usr/llvm-gcc-4.2/libexec/gcc/i686-apple-darwin11/4.2.1/ld) supports shared libraries
configure:13378: result: yes
configure:13515: checking dynamic linker characteristics
configure:14126: result: darwin11.3.0 dyld
configure:14177: checking how to hardcode library paths into programs
configure:14202: result: immediate
configure:14269: checking for python
configure:14287: found /usr/bin/python
configure:14300: result: /usr/bin/python
configure:14318: /usr/bin/python -c import sys # split strings by '.' and convert to numeric. Append some zeros # because we need at least 4 digits for the hex conversion. # map returns an iterator in Python 3.0 and a list in 2.x minver = list(map(int, '2.3'.split('.'))) + [0, 0, 0] minverhex = 0 # xrange is not present in Python 3.0 and range returns an iterator for i in list(range(0, 4)): minverhex = (minverhex << 8) + minver[i] sys.exit(sys.hexversion < minverhex)
configure:14321: $? = 0
configure:14514: checking for the pthreads library -lpthreads
configure:14547: gcc -o conftest -g -O2    conftest.c -lpthreads  >&5
ld: library not found for -lpthreads
collect2: ld returned 1 exit status
configure:14547: $? = 1
configure: failed program was:
| /* confdefs.h */
| #define PACKAGE_NAME "Google C++ Testing Framework"
| #define PACKAGE_TARNAME "gtest"
| #define PACKAGE_VERSION "1.6.0"
| #define PACKAGE_STRING "Google C++ Testing Framework 1.6.0"
| #define PACKAGE_BUGREPORT "googletestframework@googlegroups.com"
| #define PACKAGE_URL ""
| #define PACKAGE "gtest"
| #define VERSION "1.6.0"
| #define STDC_HEADERS 1
| #define HAVE_SYS_TYPES_H 1
| #define HAVE_SYS_STAT_H 1
| #define HAVE_STDLIB_H 1
| #define HAVE_STRING_H 1
| #define HAVE_MEMORY_H 1
| #define HAVE_STRINGS_H 1
| #define HAVE_INTTYPES_H 1
| #define HAVE_STDINT_H 1
| #define HAVE_UNISTD_H 1
| #define HAVE_DLFCN_H 1
| #define LT_OBJDIR ".libs/"
| /* end confdefs.h.  */
| #include <pthread.h>
| int
| main ()
| {
| pthread_t th; pthread_join(th, 0);
|                      pthread_attr_init(0); pthread_cleanup_push(0, 0);
|                      pthread_create(0,0,0,0); pthread_cleanup_pop(0);
|   ;
|   return 0;
| }
configure:14556: result: no
configure:14459: checking whether pthreads work without any flags
configure:14547: gcc -o conftest -g -O2    conftest.c   >&5
configure:14547: $? = 0
configure:14556: result: yes
configure:14575: checking for joinable pthread attribute
configure:14590: gcc -o conftest -g -O2    conftest.c   >&5
configure:14590: $? = 0
configure:14596: result: PTHREAD_CREATE_JOINABLE
configure:14606: checking if more special flags are required for pthreads
configure:14613: result: -D_THREAD_SAFE
configure:14702: checking whether to check for GCC pthread/shared inconsistencies
configure:14715: gcc -o conftest -shared -fPIC -Wl,-z,defs -g -O2 -D_THREAD_SAFE    conftest.c   >&5
ld: unknown option: -z
collect2: ld returned 1 exit status
configure:14715: $? = 1
configure: failed program was:
| /* confdefs.h */
| #define PACKAGE_NAME "Google C++ Testing Framework"
| #define PACKAGE_TARNAME "gtest"
| #define PACKAGE_VERSION "1.6.0"
| #define PACKAGE_STRING "Google C++ Testing Framework 1.6.0"
| #define PACKAGE_BUGREPORT "googletestframework@googlegroups.com"
| #define PACKAGE_URL ""
| #define PACKAGE "gtest"
| #define VERSION "1.6.0"
| #define STDC_HEADERS 1
| #define HAVE_SYS_TYPES_H 1
| #define HAVE_SYS_STAT_H 1
| #define HAVE_STDLIB_H 1
| #define HAVE_STRING_H 1
| #define HAVE_MEMORY_H 1
| #define HAVE_STRINGS_H 1
| #define HAVE_INTTYPES_H 1
| #define HAVE_STDINT_H 1
| #define HAVE_UNISTD_H 1
| #define HAVE_DLFCN_H 1
| #define LT_OBJDIR ".libs/"
| /* end confdefs.h.  */
| 
| int
| main ()
| {
| 
|   ;
|   return 0;
| }
configure:14724: result: no
configure:15041: creating ./config.status

## ---------------------- ##
## Running config.status. ##
## ---------------------- ##

This file was extended by Google C++ Testing Framework config.status 1.6.0, which was
generated by GNU Autoconf 2.68.  Invocation command line was

  CONFIG_FILES    = 
  CONFIG_HEADERS  = 
  CONFIG_LINKS    = 
  CONFIG_COMMANDS = 
  $ ./config.status 

on jcnsopc73.jcns.frm2

config.status:1141: creating Makefile
config.status:1141: creating scripts/gtest-config
config.status:1141: creating build-aux/config.h
config.status:1322: build-aux/config.h is unchanged
config.status:1370: executing depfiles commands
config.status:1370: executing libtool commands

## ---------------- ##
## Cache variables. ##
## ---------------- ##

ac_cv_build=i386-apple-darwin11.3.0
ac_cv_c_compiler_gnu=yes
ac_cv_cxx_compiler_gnu=yes
ac_cv_env_CCC_set=
ac_cv_env_CCC_value=
ac_cv_env_CC_set=
ac_cv_env_CC_value=
ac_cv_env_CFLAGS_set=
ac_cv_env_CFLAGS_value=
ac_cv_env_CPPFLAGS_set=
ac_cv_env_CPPFLAGS_value=
ac_cv_env_CPP_set=
ac_cv_env_CPP_value=
ac_cv_env_CXXCPP_set=
ac_cv_env_CXXCPP_value=
ac_cv_env_CXXFLAGS_set=
ac_cv_env_CXXFLAGS_value=
ac_cv_env_CXX_set=
ac_cv_env_CXX_value=
ac_cv_env_LDFLAGS_set=
ac_cv_env_LDFLAGS_value=
ac_cv_env_LIBS_set=
ac_cv_env_LIBS_value=
ac_cv_env_build_alias_set=
ac_cv_env_build_alias_value=
ac_cv_env_host_alias_set=
ac_cv_env_host_alias_value=
ac_cv_env_target_alias_set=
ac_cv_env_target_alias_value=
ac_cv_header_dlfcn_h=yes
ac_cv_header_inttypes_h=yes
ac_cv_header_memory_h=yes
ac_cv_header_stdc=yes
ac_cv_header_stdint_h=yes
ac_cv_header_stdlib_h=yes
ac_cv_header_string_h=yes
ac_cv_header_strings_h=yes
ac_cv_header_sys_stat_h=yes
ac_cv_header_sys_types_h=yes
ac_cv_header_unistd_h=yes
ac_cv_host=i386-apple-darwin11.3.0
ac_cv_objext=o
ac_cv_path_EGREP='/usr/bin/grep -E'
ac_cv_path_FGREP='/usr/bin/grep -F'
ac_cv_path_GREP=/usr/bin/grep
ac_cv_path_PYTHON=/usr/bin/python
ac_cv_path_SED=/opt/local/bin/gsed
ac_cv_path_install='/usr/bin/install -c'
ac_cv_prog_AWK=gawk
ac_cv_prog_CPP='gcc -E'
ac_cv_prog_CXXCPP='g++ -E'
ac_cv_prog_ac_ct_AR=ar
ac_cv_prog_ac_ct_CC=gcc
ac_cv_prog_ac_ct_CXX=g++
ac_cv_prog_ac_ct_DSYMUTIL=dsymutil
ac_cv_prog_ac_ct_LIPO=lipo
ac_cv_prog_ac_ct_NMEDIT=nmedit
ac_cv_prog_ac_ct_OTOOL=otool
ac_cv_prog_ac_ct_RANLIB=ranlib
ac_cv_prog_ac_ct_STRIP=strip
ac_cv_prog_cc_c89=
ac_cv_prog_cc_g=yes
ac_cv_prog_cxx_g=yes
ac_cv_prog_make_make_set=yes
am_cv_CC_dependencies_compiler_type=gcc3
am_cv_CXX_dependencies_compiler_type=gcc3
lt_cv_apple_cc_single_mod=yes
lt_cv_deplibs_check_method=pass_all
lt_cv_file_magic_cmd='$MAGIC_CMD'
lt_cv_file_magic_test_file=
lt_cv_ld_exported_symbols_list=yes
lt_cv_ld_reload_flag=-r
lt_cv_nm_interface='BSD nm'
lt_cv_objdir=.libs
lt_cv_path_LD=/usr/llvm-gcc-4.2/libexec/gcc/i686-apple-darwin11/4.2.1/ld
lt_cv_path_LDCXX=/usr/llvm-gcc-4.2/libexec/gcc/i686-apple-darwin11/4.2.1/ld
lt_cv_path_NM=/usr/bin/nm
lt_cv_prog_compiler_c_o=yes
lt_cv_prog_compiler_c_o_CXX=yes
lt_cv_prog_compiler_pic_works=yes
lt_cv_prog_compiler_pic_works_CXX=yes
lt_cv_prog_compiler_rtti_exceptions=no
lt_cv_prog_compiler_static_works=no
lt_cv_prog_compiler_static_works_CXX=no
lt_cv_prog_gnu_ld=no
lt_cv_prog_gnu_ldcxx=no
lt_cv_sys_global_symbol_pipe='sed -n -e '\''s/^.*[	 ]\([BCDEGRST][BCDEGRST]*\)[	 ][	 ]*_\([_A-Za-z][_A-Za-z0-9]*\)$/\1 _\2 \2/p'\'''
lt_cv_sys_global_symbol_to_c_name_address='sed -n -e '\''s/^: \([^ ]*\) $/  {\"\1\", (void *) 0},/p'\'' -e '\''s/^[BCDEGRST]* \([^ ]*\) \([^ ]*\)$/  {"\2", (void *) \&\2},/p'\'''
lt_cv_sys_global_symbol_to_c_name_address_lib_prefix='sed -n -e '\''s/^: \([^ ]*\) $/  {\"\1\", (void *) 0},/p'\'' -e '\''s/^[BCDEGRST]* \([^ ]*\) \(lib[^ ]*\)$/  {"\2", (void *) \&\2},/p'\'' -e '\''s/^[BCDEGRST]* \([^ ]*\) \([^ ]*\)$/  {"lib\2", (void *) \&\2},/p'\'''
lt_cv_sys_global_symbol_to_cdecl='sed -n -e '\''s/^T .* \(.*\)$/extern int \1();/p'\'' -e '\''s/^[BCDEGRST]* .* \(.*\)$/extern char \1;/p'\'''
lt_cv_sys_max_cmd_len=196608

## ----------------- ##
## Output variables. ##
## ----------------- ##

ACLOCAL='${SHELL} /Users/pospelov/nest/development/git/GISASFW/ThirdParty/gtest-1.6.0/build-aux/missing --run aclocal-1.11'
AMDEPBACKSLASH='\'
AMDEP_FALSE='#'
AMDEP_TRUE=''
AMTAR='${SHELL} /Users/pospelov/nest/development/git/GISASFW/ThirdParty/gtest-1.6.0/build-aux/missing --run tar'
AR='ar'
AUTOCONF='${SHELL} /Users/pospelov/nest/development/git/GISASFW/ThirdParty/gtest-1.6.0/build-aux/missing --run autoconf'
AUTOHEADER='${SHELL} /Users/pospelov/nest/development/git/GISASFW/ThirdParty/gtest-1.6.0/build-aux/missing --run autoheader'
AUTOMAKE='${SHELL} /Users/pospelov/nest/development/git/GISASFW/ThirdParty/gtest-1.6.0/build-aux/missing --run automake-1.11'
AWK='gawk'
CC='gcc'
CCDEPMODE='depmode=gcc3'
CFLAGS='-g -O2'
CPP='gcc -E'
CPPFLAGS=''
CXX='g++'
CXXCPP='g++ -E'
CXXDEPMODE='depmode=gcc3'
CXXFLAGS='-g -O2'
CYGPATH_W='echo'
DEFS='-DHAVE_CONFIG_H'
DEPDIR='.deps'
DSYMUTIL='dsymutil'
DUMPBIN=''
ECHO_C='\c'
ECHO_N=''
ECHO_T=''
EGREP='/usr/bin/grep -E'
EXEEXT=''
FGREP='/usr/bin/grep -F'
GREP='/usr/bin/grep'
HAVE_PTHREADS_FALSE='#'
HAVE_PTHREADS_TRUE=''
HAVE_PYTHON_FALSE='#'
HAVE_PYTHON_TRUE=''
INSTALL_DATA='${INSTALL} -m 644'
INSTALL_PROGRAM='${INSTALL}'
INSTALL_SCRIPT='${INSTALL}'
INSTALL_STRIP_PROGRAM='$(install_sh) -c -s'
LD='/usr/llvm-gcc-4.2/libexec/gcc/i686-apple-darwin11/4.2.1/ld'
LDFLAGS=''
LIBOBJS=''
LIBS=''
LIBTOOL='$(SHELL) $(top_builddir)/libtool'
LIPO='lipo'
LN_S='ln -s'
LTLIBOBJS=''
MAKEINFO='${SHELL} /Users/pospelov/nest/development/git/GISASFW/ThirdParty/gtest-1.6.0/build-aux/missing --run makeinfo'
MKDIR_P='build-aux/install-sh -c -d'
NM='/usr/bin/nm'
NMEDIT='nmedit'
OBJDUMP='false'
OBJEXT='o'
OTOOL64=':'
OTOOL='otool'
PACKAGE='gtest'
PACKAGE_BUGREPORT='googletestframework@googlegroups.com'
PACKAGE_NAME='Google C++ Testing Framework'
PACKAGE_STRING='Google C++ Testing Framework 1.6.0'
PACKAGE_TARNAME='gtest'
PACKAGE_URL=''
PACKAGE_VERSION='1.6.0'
PATH_SEPARATOR=':'
PTHREAD_CC='gcc'
PTHREAD_CFLAGS='-D_THREAD_SAFE '
PTHREAD_LIBS=''
PYTHON='/usr/bin/python'
RANLIB='ranlib'
SED='/opt/local/bin/gsed'
SET_MAKE=''
SHELL='/bin/sh'
STRIP='strip'
VERSION='1.6.0'
ac_ct_CC='gcc'
ac_ct_CXX='g++'
ac_ct_DUMPBIN=''
acx_pthread_config=''
am__EXEEXT_FALSE=''
am__EXEEXT_TRUE='#'
am__fastdepCC_FALSE='#'
am__fastdepCC_TRUE=''
am__fastdepCXX_FALSE='#'
am__fastdepCXX_TRUE=''
am__include='include'
am__isrc=''
am__leading_dot='.'
am__quote=''
am__tar='${AMTAR} chof - "$$tardir"'
am__untar='${AMTAR} xf -'
bindir='${exec_prefix}/bin'
build='i386-apple-darwin11.3.0'
build_alias=''
build_cpu='i386'
build_os='darwin11.3.0'
build_vendor='apple'
datadir='${datarootdir}'
datarootdir='${prefix}/share'
docdir='${datarootdir}/doc/${PACKAGE_TARNAME}'
dvidir='${docdir}'
exec_prefix='${prefix}'
host='i386-apple-darwin11.3.0'
host_alias=''
host_cpu='i386'
host_os='darwin11.3.0'
host_vendor='apple'
htmldir='${docdir}'
includedir='${prefix}/include'
infodir='${datarootdir}/info'
install_sh='${SHELL} /Users/pospelov/nest/development/git/GISASFW/ThirdParty/gtest-1.6.0/build-aux/install-sh'
libdir='${exec_prefix}/lib'
libexecdir='${exec_prefix}/libexec'
localedir='${datarootdir}/locale'
localstatedir='${prefix}/var'
lt_ECHO='/bin/echo'
mandir='${datarootdir}/man'
mkdir_p='$(top_builddir)/build-aux/install-sh -c -d'
oldincludedir='/usr/include'
pdfdir='${docdir}'
prefix='/usr/local'
program_transform_name='s,x,x,'
psdir='${docdir}'
sbindir='${exec_prefix}/sbin'
sharedstatedir='${prefix}/com'
sysconfdir='${prefix}/etc'
target_alias=''

## ----------- ##
## confdefs.h. ##
## ----------- ##

/* confdefs.h */
#define PACKAGE_NAME "Google C++ Testing Framework"
#define PACKAGE_TARNAME "gtest"
#define PACKAGE_VERSION "1.6.0"
#define PACKAGE_STRING "Google C++ Testing Framework 1.6.0"
#define PACKAGE_BUGREPORT "googletestframework@googlegroups.com"
#define PACKAGE_URL ""
#define PACKAGE "gtest"
#define VERSION "1.6.0"
#define STDC_HEADERS 1
#define HAVE_SYS_TYPES_H 1
#define HAVE_SYS_STAT_H 1
#define HAVE_STDLIB_H 1
#define HAVE_STRING_H 1
#define HAVE_MEMORY_H 1
#define HAVE_STRINGS_H 1
#define HAVE_INTTYPES_H 1
#define HAVE_STDINT_H 1
#define HAVE_UNISTD_H 1
#define HAVE_DLFCN_H 1
#define LT_OBJDIR ".libs/"
#define HAVE_PTHREAD 1

configure: exit 0
